debug: Thu, 26 Oct 2023 08:14:04 GMT
debug: Project: /Users/yuanzimin/Files/minigame-playable/demos/cocoscreator3-ball
debug: Targets: editor,preview
debug: Incremental file seems great.
debug: Engine path: /Applications/Cocos/Creator/3.8.0/CocosCreator.app/Contents/Resources/resources/3d/engine
debug: Initializing target [Editor]
debug: Loading cache
debug: Loading cache costs 2.1890569925308228ms.
debug: Engine features shipped in editor: base,gfx-webgl,gfx-webgl2,gfx-empty,3d,animation,skeletal-animation,2d,ui,particle,particle-2d,physics-framework,physics-2d-framework,intersection-2d,primitive,profiler,occlusion-query,geometry-renderer,debug-renderer,audio,video,xr,light-probe,terrain,webview,tween,tiled-map,spine,dragon-bones,marionette,procedural-animation,custom-pipeline,websocket,websocket-server
debug: Our import map(foo:/bar): {
  "imports": {
    "cc": "cce:/internal/x/cc"
  }
}
debug: Initializing target [Preview]
debug: Loading cache
debug: Loading cache costs 4.356200993061066ms.
debug: Our import map(foo:/bar): {
  "imports": {
    "cc": "cce:/internal/x/cc"
  }
}
debug: Sync engine features: 2d,3d,animation,audio,base,gfx-webgl,light-probe,marionette,particle,physics-ammo,primitive,skeletal-animation,terrain,tiled-map,tween,ui,video
debug: Reset databases. Enumerated domains: [
  {
    "root": "db://internal/",
    "physical": "/Applications/Cocos/Creator/3.8.0/CocosCreator.app/Contents/Resources/resources/3d/engine/editor/assets"
  },
  {
    "root": "db://assets/",
    "physical": "/Users/yuanzimin/Files/minigame-playable/demos/cocoscreator3-ball/assets"
  }
]
debug: Our import map(foo:/bar): {
  "imports": {
    "cc": "cce:/internal/x/cc",
    "db://internal/": "file:///Applications/Cocos/Creator/3.8.0/CocosCreator.app/Contents/Resources/resources/3d/engine/editor/assets/",
    "db://assets/": "file:///Users/yuanzimin/Files/minigame-playable/demos/cocoscreator3-ball/assets/"
  }
}
debug: Our import map(foo:/bar): {
  "imports": {
    "cc": "cce:/internal/x/cc",
    "db://internal/": "file:///Applications/Cocos/Creator/3.8.0/CocosCreator.app/Contents/Resources/resources/3d/engine/editor/assets/",
    "db://assets/": "file:///Users/yuanzimin/Files/minigame-playable/demos/cocoscreator3-ball/assets/"
  }
}
debug: Pulling asset-db.
debug: Fetch asset-db cost: 22.163923978805542ms.
debug: Build iteration starts.
Number of accumulated asset changes: 16
Feature changed: false
debug: Target(editor) build started.
debug: Detected change: cce:/internal/x/cc. Last mtime: Thu Jan 01 1970 08:00:44 GMT+0800 (中国标准时间), Current mtime: Thu Jan 01 1970 08:00:14 GMT+0800 (中国标准时间)
debug: Inspect cce:/internal/x/cc
debug: Resolve cce:/internal/x/cc-fu/base from cce:/internal/x/cc as external dependency cce:/internal/x/cc-fu/base.
debug: Resolve cce:/internal/x/cc-fu/gfx-webgl from cce:/internal/x/cc as external dependency cce:/internal/x/cc-fu/gfx-webgl.
debug: Resolve cce:/internal/x/cc-fu/gfx-webgl2 from cce:/internal/x/cc as external dependency cce:/internal/x/cc-fu/gfx-webgl2.
debug: Resolve cce:/internal/x/cc-fu/gfx-empty from cce:/internal/x/cc as external dependency cce:/internal/x/cc-fu/gfx-empty.
debug: Resolve cce:/internal/x/cc-fu/3d from cce:/internal/x/cc as external dependency cce:/internal/x/cc-fu/3d.
debug: Resolve cce:/internal/x/cc-fu/animation from cce:/internal/x/cc as external dependency cce:/internal/x/cc-fu/animation.
debug: Resolve cce:/internal/x/cc-fu/skeletal-animation from cce:/internal/x/cc as external dependency cce:/internal/x/cc-fu/skeletal-animation.
debug: Resolve cce:/internal/x/cc-fu/2d from cce:/internal/x/cc as external dependency cce:/internal/x/cc-fu/2d.
debug: Resolve cce:/internal/x/cc-fu/sorting from cce:/internal/x/cc as external dependency cce:/internal/x/cc-fu/sorting.
debug: Resolve cce:/internal/x/cc-fu/ui from cce:/internal/x/cc as external dependency cce:/internal/x/cc-fu/ui.
debug: Resolve cce:/internal/x/cc-fu/particle from cce:/internal/x/cc as external dependency cce:/internal/x/cc-fu/particle.
debug: Resolve cce:/internal/x/cc-fu/particle-2d from cce:/internal/x/cc as external dependency cce:/internal/x/cc-fu/particle-2d.
debug: Resolve cce:/internal/x/cc-fu/physics-framework from cce:/internal/x/cc as external dependency cce:/internal/x/cc-fu/physics-framework.
debug: Resolve cce:/internal/x/cc-fu/physics-2d-framework from cce:/internal/x/cc as external dependency cce:/internal/x/cc-fu/physics-2d-framework.
debug: Resolve cce:/internal/x/cc-fu/intersection-2d from cce:/internal/x/cc as external dependency cce:/internal/x/cc-fu/intersection-2d.
debug: Resolve cce:/internal/x/cc-fu/primitive from cce:/internal/x/cc as external dependency cce:/internal/x/cc-fu/primitive.
debug: Resolve cce:/internal/x/cc-fu/profiler from cce:/internal/x/cc as external dependency cce:/internal/x/cc-fu/profiler.
debug: Resolve cce:/internal/x/cc-fu/geometry-renderer from cce:/internal/x/cc as external dependency cce:/internal/x/cc-fu/geometry-renderer.
debug: Resolve cce:/internal/x/cc-fu/audio from cce:/internal/x/cc as external dependency cce:/internal/x/cc-fu/audio.
debug: Resolve cce:/internal/x/cc-fu/video from cce:/internal/x/cc as external dependency cce:/internal/x/cc-fu/video.
debug: Resolve cce:/internal/x/cc-fu/xr from cce:/internal/x/cc as external dependency cce:/internal/x/cc-fu/xr.
debug: Resolve cce:/internal/x/cc-fu/light-probe from cce:/internal/x/cc as external dependency cce:/internal/x/cc-fu/light-probe.
debug: Resolve cce:/internal/x/cc-fu/terrain from cce:/internal/x/cc as external dependency cce:/internal/x/cc-fu/terrain.
debug: Resolve cce:/internal/x/cc-fu/webview from cce:/internal/x/cc as external dependency cce:/internal/x/cc-fu/webview.
debug: Resolve cce:/internal/x/cc-fu/tween from cce:/internal/x/cc as external dependency cce:/internal/x/cc-fu/tween.
debug: Resolve cce:/internal/x/cc-fu/tiled-map from cce:/internal/x/cc as external dependency cce:/internal/x/cc-fu/tiled-map.
debug: Resolve cce:/internal/x/cc-fu/spine from cce:/internal/x/cc as external dependency cce:/internal/x/cc-fu/spine.
debug: Resolve cce:/internal/x/cc-fu/dragon-bones from cce:/internal/x/cc as external dependency cce:/internal/x/cc-fu/dragon-bones.
debug: Resolve cce:/internal/x/cc-fu/custom-pipeline from cce:/internal/x/cc as external dependency cce:/internal/x/cc-fu/custom-pipeline.
debug: Detected change: cce:/internal/x/prerequisite-imports. Last mtime: Thu Jan 01 1970 08:01:20 GMT+0800 (中国标准时间), Current mtime: Thu Jan 01 1970 08:00:27 GMT+0800 (中国标准时间)
debug: Inspect cce:/internal/x/prerequisite-imports
debug: Resolve file:///Applications/Cocos/Creator/3.8.0/CocosCreator.app/Contents/Resources/resources/3d/engine/editor/assets/tools/debug-view-runtime-control.ts from cce:/internal/x/prerequisite-imports as file:///Applications/Cocos/Creator/3.8.0/CocosCreator.app/Contents/Resources/resources/3d/engine/editor/assets/tools/debug-view-runtime-control.ts.
debug: Resolve cc from file:///Applications/Cocos/Creator/3.8.0/CocosCreator.app/Contents/Resources/resources/3d/engine/editor/assets/tools/debug-view-runtime-control.ts as cce:/internal/x/cc.
debug: Resolve cc from file:///Applications/Cocos/Creator/3.8.0/CocosCreator.app/Contents/Resources/resources/3d/engine/editor/assets/tools/debug-view-runtime-control.ts as cce:/internal/x/cc.
debug: Resolve cc from file:///Applications/Cocos/Creator/3.8.0/CocosCreator.app/Contents/Resources/resources/3d/engine/editor/assets/tools/debug-view-runtime-control.ts as cce:/internal/x/cc.
debug: Resolve file:///Users/yuanzimin/Files/minigame-playable/demos/cocoscreator3-ball/assets/migrate-canvas.ts from cce:/internal/x/prerequisite-imports as file:///Users/yuanzimin/Files/minigame-playable/demos/cocoscreator3-ball/assets/migrate-canvas.ts.
debug: Inspect file:///Users/yuanzimin/Files/minigame-playable/demos/cocoscreator3-ball/assets/migrate-canvas.ts
debug: Resolve cc from file:///Users/yuanzimin/Files/minigame-playable/demos/cocoscreator3-ball/assets/migrate-canvas.ts as cce:/internal/x/cc.
debug: Resolve cc from file:///Users/yuanzimin/Files/minigame-playable/demos/cocoscreator3-ball/assets/migrate-canvas.ts as cce:/internal/x/cc.
debug: Resolve cc from file:///Users/yuanzimin/Files/minigame-playable/demos/cocoscreator3-ball/assets/migrate-canvas.ts as cce:/internal/x/cc.
debug: Resolve cc/env from file:///Users/yuanzimin/Files/minigame-playable/demos/cocoscreator3-ball/assets/migrate-canvas.ts as external dependency cc/env.
debug: Resolve file:///Users/yuanzimin/Files/minigame-playable/demos/cocoscreator3-ball/assets/script/data/constants.ts from cce:/internal/x/prerequisite-imports as file:///Users/yuanzimin/Files/minigame-playable/demos/cocoscreator3-ball/assets/script/data/constants.ts.
debug: Inspect file:///Users/yuanzimin/Files/minigame-playable/demos/cocoscreator3-ball/assets/script/data/constants.ts
debug: Resolve cce:/internal/code-quality/cr.mjs from file:///Users/yuanzimin/Files/minigame-playable/demos/cocoscreator3-ball/assets/script/data/constants.ts as cce:/internal/code-quality/cr.mjs.
debug: Detected change: cce:/internal/code-quality/cr.mjs. Last mtime: Thu Oct 26 2023 15:56:09 GMT+0800 (中国标准时间), Current mtime: Thu Oct 26 2023 16:13:50 GMT+0800 (中国标准时间)
debug: Inspect cce:/internal/code-quality/cr.mjs
debug: Resolve cc from file:///Users/yuanzimin/Files/minigame-playable/demos/cocoscreator3-ball/assets/script/data/constants.ts as cce:/internal/x/cc.
debug: Resolve cc from file:///Users/yuanzimin/Files/minigame-playable/demos/cocoscreator3-ball/assets/script/data/constants.ts as cce:/internal/x/cc.
debug: Resolve cc from file:///Users/yuanzimin/Files/minigame-playable/demos/cocoscreator3-ball/assets/script/data/constants.ts as cce:/internal/x/cc.
debug: Resolve file:///Users/yuanzimin/Files/minigame-playable/demos/cocoscreator3-ball/assets/script/game/audio-manager.ts from cce:/internal/x/prerequisite-imports as file:///Users/yuanzimin/Files/minigame-playable/demos/cocoscreator3-ball/assets/script/game/audio-manager.ts.
debug: Inspect file:///Users/yuanzimin/Files/minigame-playable/demos/cocoscreator3-ball/assets/script/game/audio-manager.ts
debug: Resolve cc from file:///Users/yuanzimin/Files/minigame-playable/demos/cocoscreator3-ball/assets/script/game/audio-manager.ts as cce:/internal/x/cc.
debug: Resolve cc from file:///Users/yuanzimin/Files/minigame-playable/demos/cocoscreator3-ball/assets/script/game/audio-manager.ts as cce:/internal/x/cc.
debug: Resolve cc from file:///Users/yuanzimin/Files/minigame-playable/demos/cocoscreator3-ball/assets/script/game/audio-manager.ts as cce:/internal/x/cc.
debug: Resolve file:///Users/yuanzimin/Files/minigame-playable/demos/cocoscreator3-ball/assets/script/game/ball.ts from cce:/internal/x/prerequisite-imports as file:///Users/yuanzimin/Files/minigame-playable/demos/cocoscreator3-ball/assets/script/game/ball.ts.
debug: Inspect file:///Users/yuanzimin/Files/minigame-playable/demos/cocoscreator3-ball/assets/script/game/ball.ts
debug: Resolve cce:/internal/code-quality/cr.mjs from file:///Users/yuanzimin/Files/minigame-playable/demos/cocoscreator3-ball/assets/script/game/ball.ts as cce:/internal/code-quality/cr.mjs.
debug: Resolve cc from file:///Users/yuanzimin/Files/minigame-playable/demos/cocoscreator3-ball/assets/script/game/ball.ts as cce:/internal/x/cc.
debug: Resolve cc from file:///Users/yuanzimin/Files/minigame-playable/demos/cocoscreator3-ball/assets/script/game/ball.ts as cce:/internal/x/cc.
debug: Resolve cc from file:///Users/yuanzimin/Files/minigame-playable/demos/cocoscreator3-ball/assets/script/game/ball.ts as cce:/internal/x/cc.
debug: Resolve ../data/constants from file:///Users/yuanzimin/Files/minigame-playable/demos/cocoscreator3-ball/assets/script/game/ball.ts as file:///Users/yuanzimin/Files/minigame-playable/demos/cocoscreator3-ball/assets/script/data/constants.ts.
debug: Resolve ../utils/utils from file:///Users/yuanzimin/Files/minigame-playable/demos/cocoscreator3-ball/assets/script/game/ball.ts as file:///Users/yuanzimin/Files/minigame-playable/demos/cocoscreator3-ball/assets/script/utils/utils.ts.
debug: Inspect file:///Users/yuanzimin/Files/minigame-playable/demos/cocoscreator3-ball/assets/script/utils/utils.ts
debug: Resolve cc from file:///Users/yuanzimin/Files/minigame-playable/demos/cocoscreator3-ball/assets/script/utils/utils.ts as cce:/internal/x/cc.
debug: Resolve cc from file:///Users/yuanzimin/Files/minigame-playable/demos/cocoscreator3-ball/assets/script/utils/utils.ts as cce:/internal/x/cc.
debug: Resolve cc from file:///Users/yuanzimin/Files/minigame-playable/demos/cocoscreator3-ball/assets/script/utils/utils.ts as cce:/internal/x/cc.
debug: Resolve ../utils/pool-manager from file:///Users/yuanzimin/Files/minigame-playable/demos/cocoscreator3-ball/assets/script/game/ball.ts as file:///Users/yuanzimin/Files/minigame-playable/demos/cocoscreator3-ball/assets/script/utils/pool-manager.ts.
debug: Inspect file:///Users/yuanzimin/Files/minigame-playable/demos/cocoscreator3-ball/assets/script/utils/pool-manager.ts
debug: Resolve cc from file:///Users/yuanzimin/Files/minigame-playable/demos/cocoscreator3-ball/assets/script/utils/pool-manager.ts as cce:/internal/x/cc.
debug: Resolve cc from file:///Users/yuanzimin/Files/minigame-playable/demos/cocoscreator3-ball/assets/script/utils/pool-manager.ts as cce:/internal/x/cc.
debug: Resolve cc from file:///Users/yuanzimin/Files/minigame-playable/demos/cocoscreator3-ball/assets/script/utils/pool-manager.ts as cce:/internal/x/cc.
debug: Resolve file:///Users/yuanzimin/Files/minigame-playable/demos/cocoscreator3-ball/assets/script/game/board-manager.ts from cce:/internal/x/prerequisite-imports as file:///Users/yuanzimin/Files/minigame-playable/demos/cocoscreator3-ball/assets/script/game/board-manager.ts.
debug: Inspect file:///Users/yuanzimin/Files/minigame-playable/demos/cocoscreator3-ball/assets/script/game/board-manager.ts
debug: Resolve cce:/internal/code-quality/cr.mjs from file:///Users/yuanzimin/Files/minigame-playable/demos/cocoscreator3-ball/assets/script/game/board-manager.ts as cce:/internal/code-quality/cr.mjs.
debug: Resolve cc from file:///Users/yuanzimin/Files/minigame-playable/demos/cocoscreator3-ball/assets/script/game/board-manager.ts as cce:/internal/x/cc.
debug: Resolve cc from file:///Users/yuanzimin/Files/minigame-playable/demos/cocoscreator3-ball/assets/script/game/board-manager.ts as cce:/internal/x/cc.
debug: Resolve cc from file:///Users/yuanzimin/Files/minigame-playable/demos/cocoscreator3-ball/assets/script/game/board-manager.ts as cce:/internal/x/cc.
debug: Resolve ../data/constants from file:///Users/yuanzimin/Files/minigame-playable/demos/cocoscreator3-ball/assets/script/game/board-manager.ts as file:///Users/yuanzimin/Files/minigame-playable/demos/cocoscreator3-ball/assets/script/data/constants.ts.
debug: Resolve ../utils/utils from file:///Users/yuanzimin/Files/minigame-playable/demos/cocoscreator3-ball/assets/script/game/board-manager.ts as file:///Users/yuanzimin/Files/minigame-playable/demos/cocoscreator3-ball/assets/script/utils/utils.ts.
debug: Resolve file:///Users/yuanzimin/Files/minigame-playable/demos/cocoscreator3-ball/assets/script/game/board.ts from cce:/internal/x/prerequisite-imports as file:///Users/yuanzimin/Files/minigame-playable/demos/cocoscreator3-ball/assets/script/game/board.ts.
debug: Inspect file:///Users/yuanzimin/Files/minigame-playable/demos/cocoscreator3-ball/assets/script/game/board.ts
debug: Resolve cce:/internal/code-quality/cr.mjs from file:///Users/yuanzimin/Files/minigame-playable/demos/cocoscreator3-ball/assets/script/game/board.ts as cce:/internal/code-quality/cr.mjs.
debug: Resolve cc from file:///Users/yuanzimin/Files/minigame-playable/demos/cocoscreator3-ball/assets/script/game/board.ts as cce:/internal/x/cc.
debug: Resolve cc from file:///Users/yuanzimin/Files/minigame-playable/demos/cocoscreator3-ball/assets/script/game/board.ts as cce:/internal/x/cc.
debug: Resolve cc from file:///Users/yuanzimin/Files/minigame-playable/demos/cocoscreator3-ball/assets/script/game/board.ts as cce:/internal/x/cc.
debug: Resolve ../data/constants from file:///Users/yuanzimin/Files/minigame-playable/demos/cocoscreator3-ball/assets/script/game/board.ts as file:///Users/yuanzimin/Files/minigame-playable/demos/cocoscreator3-ball/assets/script/data/constants.ts.
debug: Resolve ../utils/utils from file:///Users/yuanzimin/Files/minigame-playable/demos/cocoscreator3-ball/assets/script/game/board.ts as file:///Users/yuanzimin/Files/minigame-playable/demos/cocoscreator3-ball/assets/script/utils/utils.ts.
debug: Resolve file:///Users/yuanzimin/Files/minigame-playable/demos/cocoscreator3-ball/assets/script/game/camera-ctrl.ts from cce:/internal/x/prerequisite-imports as file:///Users/yuanzimin/Files/minigame-playable/demos/cocoscreator3-ball/assets/script/game/camera-ctrl.ts.
debug: Inspect file:///Users/yuanzimin/Files/minigame-playable/demos/cocoscreator3-ball/assets/script/game/camera-ctrl.ts
debug: Resolve cce:/internal/code-quality/cr.mjs from file:///Users/yuanzimin/Files/minigame-playable/demos/cocoscreator3-ball/assets/script/game/camera-ctrl.ts as cce:/internal/code-quality/cr.mjs.
debug: Resolve cc from file:///Users/yuanzimin/Files/minigame-playable/demos/cocoscreator3-ball/assets/script/game/camera-ctrl.ts as cce:/internal/x/cc.
debug: Resolve cc from file:///Users/yuanzimin/Files/minigame-playable/demos/cocoscreator3-ball/assets/script/game/camera-ctrl.ts as cce:/internal/x/cc.
debug: Resolve cc from file:///Users/yuanzimin/Files/minigame-playable/demos/cocoscreator3-ball/assets/script/game/camera-ctrl.ts as cce:/internal/x/cc.
debug: Resolve ../data/constants from file:///Users/yuanzimin/Files/minigame-playable/demos/cocoscreator3-ball/assets/script/game/camera-ctrl.ts as file:///Users/yuanzimin/Files/minigame-playable/demos/cocoscreator3-ball/assets/script/data/constants.ts.
debug: Resolve file:///Users/yuanzimin/Files/minigame-playable/demos/cocoscreator3-ball/assets/script/game/game.ts from cce:/internal/x/prerequisite-imports as file:///Users/yuanzimin/Files/minigame-playable/demos/cocoscreator3-ball/assets/script/game/game.ts.
debug: Inspect file:///Users/yuanzimin/Files/minigame-playable/demos/cocoscreator3-ball/assets/script/game/game.ts
debug: Resolve cce:/internal/code-quality/cr.mjs from file:///Users/yuanzimin/Files/minigame-playable/demos/cocoscreator3-ball/assets/script/game/game.ts as cce:/internal/code-quality/cr.mjs.
debug: Resolve cc from file:///Users/yuanzimin/Files/minigame-playable/demos/cocoscreator3-ball/assets/script/game/game.ts as cce:/internal/x/cc.
debug: Resolve cc from file:///Users/yuanzimin/Files/minigame-playable/demos/cocoscreator3-ball/assets/script/game/game.ts as cce:/internal/x/cc.
debug: Resolve cc from file:///Users/yuanzimin/Files/minigame-playable/demos/cocoscreator3-ball/assets/script/game/game.ts as cce:/internal/x/cc.
debug: Resolve ../data/constants from file:///Users/yuanzimin/Files/minigame-playable/demos/cocoscreator3-ball/assets/script/game/game.ts as file:///Users/yuanzimin/Files/minigame-playable/demos/cocoscreator3-ball/assets/script/data/constants.ts.
debug: Resolve ./ball from file:///Users/yuanzimin/Files/minigame-playable/demos/cocoscreator3-ball/assets/script/game/game.ts as file:///Users/yuanzimin/Files/minigame-playable/demos/cocoscreator3-ball/assets/script/game/ball.ts.
debug: Resolve ./board-manager from file:///Users/yuanzimin/Files/minigame-playable/demos/cocoscreator3-ball/assets/script/game/game.ts as file:///Users/yuanzimin/Files/minigame-playable/demos/cocoscreator3-ball/assets/script/game/board-manager.ts.
debug: Resolve ./camera-ctrl from file:///Users/yuanzimin/Files/minigame-playable/demos/cocoscreator3-ball/assets/script/game/game.ts as file:///Users/yuanzimin/Files/minigame-playable/demos/cocoscreator3-ball/assets/script/game/camera-ctrl.ts.
debug: Resolve ./ui-manager from file:///Users/yuanzimin/Files/minigame-playable/demos/cocoscreator3-ball/assets/script/game/game.ts as file:///Users/yuanzimin/Files/minigame-playable/demos/cocoscreator3-ball/assets/script/game/ui-manager.ts.
debug: Inspect file:///Users/yuanzimin/Files/minigame-playable/demos/cocoscreator3-ball/assets/script/game/ui-manager.ts
debug: Resolve cce:/internal/code-quality/cr.mjs from file:///Users/yuanzimin/Files/minigame-playable/demos/cocoscreator3-ball/assets/script/game/ui-manager.ts as cce:/internal/code-quality/cr.mjs.
debug: Resolve cc from file:///Users/yuanzimin/Files/minigame-playable/demos/cocoscreator3-ball/assets/script/game/ui-manager.ts as cce:/internal/x/cc.
debug: Resolve cc from file:///Users/yuanzimin/Files/minigame-playable/demos/cocoscreator3-ball/assets/script/game/ui-manager.ts as cce:/internal/x/cc.
debug: Resolve cc from file:///Users/yuanzimin/Files/minigame-playable/demos/cocoscreator3-ball/assets/script/game/ui-manager.ts as cce:/internal/x/cc.
debug: Resolve ../data/constants from file:///Users/yuanzimin/Files/minigame-playable/demos/cocoscreator3-ball/assets/script/game/ui-manager.ts as file:///Users/yuanzimin/Files/minigame-playable/demos/cocoscreator3-ball/assets/script/data/constants.ts.
debug: Resolve ./audio-manager from file:///Users/yuanzimin/Files/minigame-playable/demos/cocoscreator3-ball/assets/script/game/game.ts as file:///Users/yuanzimin/Files/minigame-playable/demos/cocoscreator3-ball/assets/script/game/audio-manager.ts.
debug: Resolve file:///Users/yuanzimin/Files/minigame-playable/demos/cocoscreator3-ball/assets/script/game/page-result.ts from cce:/internal/x/prerequisite-imports as file:///Users/yuanzimin/Files/minigame-playable/demos/cocoscreator3-ball/assets/script/game/page-result.ts.
debug: Inspect file:///Users/yuanzimin/Files/minigame-playable/demos/cocoscreator3-ball/assets/script/game/page-result.ts
debug: Resolve cce:/internal/code-quality/cr.mjs from file:///Users/yuanzimin/Files/minigame-playable/demos/cocoscreator3-ball/assets/script/game/page-result.ts as cce:/internal/code-quality/cr.mjs.
debug: Resolve cc from file:///Users/yuanzimin/Files/minigame-playable/demos/cocoscreator3-ball/assets/script/game/page-result.ts as cce:/internal/x/cc.
debug: Resolve cc from file:///Users/yuanzimin/Files/minigame-playable/demos/cocoscreator3-ball/assets/script/game/page-result.ts as cce:/internal/x/cc.
debug: Resolve cc from file:///Users/yuanzimin/Files/minigame-playable/demos/cocoscreator3-ball/assets/script/game/page-result.ts as cce:/internal/x/cc.
debug: Resolve ../data/constants from file:///Users/yuanzimin/Files/minigame-playable/demos/cocoscreator3-ball/assets/script/game/page-result.ts as file:///Users/yuanzimin/Files/minigame-playable/demos/cocoscreator3-ball/assets/script/data/constants.ts.
debug: Resolve ./update-value-label from file:///Users/yuanzimin/Files/minigame-playable/demos/cocoscreator3-ball/assets/script/game/page-result.ts as file:///Users/yuanzimin/Files/minigame-playable/demos/cocoscreator3-ball/assets/script/game/update-value-label.ts.
debug: Inspect file:///Users/yuanzimin/Files/minigame-playable/demos/cocoscreator3-ball/assets/script/game/update-value-label.ts
debug: Resolve cc from file:///Users/yuanzimin/Files/minigame-playable/demos/cocoscreator3-ball/assets/script/game/update-value-label.ts as cce:/internal/x/cc.
debug: Resolve cc from file:///Users/yuanzimin/Files/minigame-playable/demos/cocoscreator3-ball/assets/script/game/update-value-label.ts as cce:/internal/x/cc.
debug: Resolve cc from file:///Users/yuanzimin/Files/minigame-playable/demos/cocoscreator3-ball/assets/script/game/update-value-label.ts as cce:/internal/x/cc.
debug: Resolve ./revive from file:///Users/yuanzimin/Files/minigame-playable/demos/cocoscreator3-ball/assets/script/game/page-result.ts as file:///Users/yuanzimin/Files/minigame-playable/demos/cocoscreator3-ball/assets/script/game/revive.ts.
debug: Inspect file:///Users/yuanzimin/Files/minigame-playable/demos/cocoscreator3-ball/assets/script/game/revive.ts
debug: Resolve cce:/internal/code-quality/cr.mjs from file:///Users/yuanzimin/Files/minigame-playable/demos/cocoscreator3-ball/assets/script/game/revive.ts as cce:/internal/code-quality/cr.mjs.
debug: Resolve cc from file:///Users/yuanzimin/Files/minigame-playable/demos/cocoscreator3-ball/assets/script/game/revive.ts as cce:/internal/x/cc.
debug: Resolve cc from file:///Users/yuanzimin/Files/minigame-playable/demos/cocoscreator3-ball/assets/script/game/revive.ts as cce:/internal/x/cc.
debug: Resolve cc from file:///Users/yuanzimin/Files/minigame-playable/demos/cocoscreator3-ball/assets/script/game/revive.ts as cce:/internal/x/cc.
debug: Resolve ../data/constants from file:///Users/yuanzimin/Files/minigame-playable/demos/cocoscreator3-ball/assets/script/game/revive.ts as file:///Users/yuanzimin/Files/minigame-playable/demos/cocoscreator3-ball/assets/script/data/constants.ts.
debug: Resolve file:///Users/yuanzimin/Files/minigame-playable/demos/cocoscreator3-ball/assets/script/game/page-start.ts from cce:/internal/x/prerequisite-imports as file:///Users/yuanzimin/Files/minigame-playable/demos/cocoscreator3-ball/assets/script/game/page-start.ts.
debug: Inspect file:///Users/yuanzimin/Files/minigame-playable/demos/cocoscreator3-ball/assets/script/game/page-start.ts
debug: Resolve cce:/internal/code-quality/cr.mjs from file:///Users/yuanzimin/Files/minigame-playable/demos/cocoscreator3-ball/assets/script/game/page-start.ts as cce:/internal/code-quality/cr.mjs.
debug: Resolve cc from file:///Users/yuanzimin/Files/minigame-playable/demos/cocoscreator3-ball/assets/script/game/page-start.ts as cce:/internal/x/cc.
debug: Resolve cc from file:///Users/yuanzimin/Files/minigame-playable/demos/cocoscreator3-ball/assets/script/game/page-start.ts as cce:/internal/x/cc.
debug: Resolve cc from file:///Users/yuanzimin/Files/minigame-playable/demos/cocoscreator3-ball/assets/script/game/page-start.ts as cce:/internal/x/cc.
debug: Resolve ../data/constants from file:///Users/yuanzimin/Files/minigame-playable/demos/cocoscreator3-ball/assets/script/game/page-start.ts as file:///Users/yuanzimin/Files/minigame-playable/demos/cocoscreator3-ball/assets/script/data/constants.ts.
debug: Resolve file:///Users/yuanzimin/Files/minigame-playable/demos/cocoscreator3-ball/assets/script/game/revive.ts from cce:/internal/x/prerequisite-imports as file:///Users/yuanzimin/Files/minigame-playable/demos/cocoscreator3-ball/assets/script/game/revive.ts.
debug: Resolve file:///Users/yuanzimin/Files/minigame-playable/demos/cocoscreator3-ball/assets/script/game/ui-manager.ts from cce:/internal/x/prerequisite-imports as file:///Users/yuanzimin/Files/minigame-playable/demos/cocoscreator3-ball/assets/script/game/ui-manager.ts.
debug: Resolve file:///Users/yuanzimin/Files/minigame-playable/demos/cocoscreator3-ball/assets/script/game/update-value-label.ts from cce:/internal/x/prerequisite-imports as file:///Users/yuanzimin/Files/minigame-playable/demos/cocoscreator3-ball/assets/script/game/update-value-label.ts.
debug: Resolve file:///Users/yuanzimin/Files/minigame-playable/demos/cocoscreator3-ball/assets/script/utils/pool-manager.ts from cce:/internal/x/prerequisite-imports as file:///Users/yuanzimin/Files/minigame-playable/demos/cocoscreator3-ball/assets/script/utils/pool-manager.ts.
debug: Resolve file:///Users/yuanzimin/Files/minigame-playable/demos/cocoscreator3-ball/assets/script/utils/utils.ts from cce:/internal/x/prerequisite-imports as file:///Users/yuanzimin/Files/minigame-playable/demos/cocoscreator3-ball/assets/script/utils/utils.ts.
debug: Target(editor) ends with cost 1549.5839350223541ms.
debug: Target(preview) build started.
debug: Detected change: cce:/internal/x/cc. Last mtime: Thu Jan 01 1970 08:08:32 GMT+0800 (中国标准时间), Current mtime: Thu Jan 01 1970 08:00:27 GMT+0800 (中国标准时间)
debug: Inspect cce:/internal/x/cc
debug: Resolve cce:/internal/x/cc-fu/2d from cce:/internal/x/cc as external dependency cce:/internal/x/cc-fu/2d.
debug: Resolve cce:/internal/x/cc-fu/sorting from cce:/internal/x/cc as external dependency cce:/internal/x/cc-fu/sorting.
debug: Resolve cce:/internal/x/cc-fu/3d from cce:/internal/x/cc as external dependency cce:/internal/x/cc-fu/3d.
debug: Resolve cce:/internal/x/cc-fu/animation from cce:/internal/x/cc as external dependency cce:/internal/x/cc-fu/animation.
debug: Resolve cce:/internal/x/cc-fu/audio from cce:/internal/x/cc as external dependency cce:/internal/x/cc-fu/audio.
debug: Resolve cce:/internal/x/cc-fu/base from cce:/internal/x/cc as external dependency cce:/internal/x/cc-fu/base.
debug: Resolve cce:/internal/x/cc-fu/gfx-webgl from cce:/internal/x/cc as external dependency cce:/internal/x/cc-fu/gfx-webgl.
debug: Resolve cce:/internal/x/cc-fu/light-probe from cce:/internal/x/cc as external dependency cce:/internal/x/cc-fu/light-probe.
debug: Resolve cce:/internal/x/cc-fu/particle from cce:/internal/x/cc as external dependency cce:/internal/x/cc-fu/particle.
debug: Resolve cce:/internal/x/cc-fu/physics-ammo from cce:/internal/x/cc as external dependency cce:/internal/x/cc-fu/physics-ammo.
debug: Resolve cce:/internal/x/cc-fu/physics-framework from cce:/internal/x/cc as external dependency cce:/internal/x/cc-fu/physics-framework.
debug: Resolve cce:/internal/x/cc-fu/wait-for-ammo-instantiation from cce:/internal/x/cc as external dependency cce:/internal/x/cc-fu/wait-for-ammo-instantiation.
debug: Resolve cce:/internal/x/cc-fu/primitive from cce:/internal/x/cc as external dependency cce:/internal/x/cc-fu/primitive.
debug: Resolve cce:/internal/x/cc-fu/skeletal-animation from cce:/internal/x/cc as external dependency cce:/internal/x/cc-fu/skeletal-animation.
debug: Resolve cce:/internal/x/cc-fu/terrain from cce:/internal/x/cc as external dependency cce:/internal/x/cc-fu/terrain.
debug: Resolve cce:/internal/x/cc-fu/tiled-map from cce:/internal/x/cc as external dependency cce:/internal/x/cc-fu/tiled-map.
debug: Resolve cce:/internal/x/cc-fu/tween from cce:/internal/x/cc as external dependency cce:/internal/x/cc-fu/tween.
debug: Resolve cce:/internal/x/cc-fu/ui from cce:/internal/x/cc as external dependency cce:/internal/x/cc-fu/ui.
debug: Resolve cce:/internal/x/cc-fu/video from cce:/internal/x/cc as external dependency cce:/internal/x/cc-fu/video.
debug: Detected change: cce:/internal/x/prerequisite-imports. Last mtime: Thu Jan 01 1970 08:01:20 GMT+0800 (中国标准时间), Current mtime: Thu Jan 01 1970 08:00:29 GMT+0800 (中国标准时间)
debug: Inspect cce:/internal/x/prerequisite-imports
debug: Resolve file:///Applications/Cocos/Creator/3.8.0/CocosCreator.app/Contents/Resources/resources/3d/engine/editor/assets/tools/debug-view-runtime-control.ts from cce:/internal/x/prerequisite-imports as file:///Applications/Cocos/Creator/3.8.0/CocosCreator.app/Contents/Resources/resources/3d/engine/editor/assets/tools/debug-view-runtime-control.ts.
debug: Resolve cc from file:///Applications/Cocos/Creator/3.8.0/CocosCreator.app/Contents/Resources/resources/3d/engine/editor/assets/tools/debug-view-runtime-control.ts as cce:/internal/x/cc.
debug: Resolve cc from file:///Applications/Cocos/Creator/3.8.0/CocosCreator.app/Contents/Resources/resources/3d/engine/editor/assets/tools/debug-view-runtime-control.ts as cce:/internal/x/cc.
debug: Resolve cc from file:///Applications/Cocos/Creator/3.8.0/CocosCreator.app/Contents/Resources/resources/3d/engine/editor/assets/tools/debug-view-runtime-control.ts as cce:/internal/x/cc.
debug: Resolve file:///Users/yuanzimin/Files/minigame-playable/demos/cocoscreator3-ball/assets/migrate-canvas.ts from cce:/internal/x/prerequisite-imports as file:///Users/yuanzimin/Files/minigame-playable/demos/cocoscreator3-ball/assets/migrate-canvas.ts.
debug: Inspect file:///Users/yuanzimin/Files/minigame-playable/demos/cocoscreator3-ball/assets/migrate-canvas.ts
debug: Resolve cc from file:///Users/yuanzimin/Files/minigame-playable/demos/cocoscreator3-ball/assets/migrate-canvas.ts as cce:/internal/x/cc.
debug: Resolve cc from file:///Users/yuanzimin/Files/minigame-playable/demos/cocoscreator3-ball/assets/migrate-canvas.ts as cce:/internal/x/cc.
debug: Resolve cc from file:///Users/yuanzimin/Files/minigame-playable/demos/cocoscreator3-ball/assets/migrate-canvas.ts as cce:/internal/x/cc.
debug: Resolve cc/env from file:///Users/yuanzimin/Files/minigame-playable/demos/cocoscreator3-ball/assets/migrate-canvas.ts as external dependency cc/env.
debug: Resolve file:///Users/yuanzimin/Files/minigame-playable/demos/cocoscreator3-ball/assets/script/data/constants.ts from cce:/internal/x/prerequisite-imports as file:///Users/yuanzimin/Files/minigame-playable/demos/cocoscreator3-ball/assets/script/data/constants.ts.
debug: Inspect file:///Users/yuanzimin/Files/minigame-playable/demos/cocoscreator3-ball/assets/script/data/constants.ts
debug: Resolve cce:/internal/code-quality/cr.mjs from file:///Users/yuanzimin/Files/minigame-playable/demos/cocoscreator3-ball/assets/script/data/constants.ts as cce:/internal/code-quality/cr.mjs.
debug: Detected change: cce:/internal/code-quality/cr.mjs. Last mtime: Thu Oct 26 2023 15:56:09 GMT+0800 (中国标准时间), Current mtime: Thu Oct 26 2023 16:13:50 GMT+0800 (中国标准时间)
debug: Inspect cce:/internal/code-quality/cr.mjs
debug: Resolve cc from file:///Users/yuanzimin/Files/minigame-playable/demos/cocoscreator3-ball/assets/script/data/constants.ts as cce:/internal/x/cc.
debug: Resolve cc from file:///Users/yuanzimin/Files/minigame-playable/demos/cocoscreator3-ball/assets/script/data/constants.ts as cce:/internal/x/cc.
debug: Resolve cc from file:///Users/yuanzimin/Files/minigame-playable/demos/cocoscreator3-ball/assets/script/data/constants.ts as cce:/internal/x/cc.
debug: Resolve file:///Users/yuanzimin/Files/minigame-playable/demos/cocoscreator3-ball/assets/script/game/audio-manager.ts from cce:/internal/x/prerequisite-imports as file:///Users/yuanzimin/Files/minigame-playable/demos/cocoscreator3-ball/assets/script/game/audio-manager.ts.
debug: Inspect file:///Users/yuanzimin/Files/minigame-playable/demos/cocoscreator3-ball/assets/script/game/audio-manager.ts
debug: Resolve cc from file:///Users/yuanzimin/Files/minigame-playable/demos/cocoscreator3-ball/assets/script/game/audio-manager.ts as cce:/internal/x/cc.
debug: Resolve cc from file:///Users/yuanzimin/Files/minigame-playable/demos/cocoscreator3-ball/assets/script/game/audio-manager.ts as cce:/internal/x/cc.
debug: Resolve cc from file:///Users/yuanzimin/Files/minigame-playable/demos/cocoscreator3-ball/assets/script/game/audio-manager.ts as cce:/internal/x/cc.
debug: Resolve file:///Users/yuanzimin/Files/minigame-playable/demos/cocoscreator3-ball/assets/script/game/ball.ts from cce:/internal/x/prerequisite-imports as file:///Users/yuanzimin/Files/minigame-playable/demos/cocoscreator3-ball/assets/script/game/ball.ts.
debug: Inspect file:///Users/yuanzimin/Files/minigame-playable/demos/cocoscreator3-ball/assets/script/game/ball.ts
debug: Resolve cce:/internal/code-quality/cr.mjs from file:///Users/yuanzimin/Files/minigame-playable/demos/cocoscreator3-ball/assets/script/game/ball.ts as cce:/internal/code-quality/cr.mjs.
debug: Resolve cc from file:///Users/yuanzimin/Files/minigame-playable/demos/cocoscreator3-ball/assets/script/game/ball.ts as cce:/internal/x/cc.
debug: Resolve cc from file:///Users/yuanzimin/Files/minigame-playable/demos/cocoscreator3-ball/assets/script/game/ball.ts as cce:/internal/x/cc.
debug: Resolve cc from file:///Users/yuanzimin/Files/minigame-playable/demos/cocoscreator3-ball/assets/script/game/ball.ts as cce:/internal/x/cc.
debug: Resolve ../data/constants from file:///Users/yuanzimin/Files/minigame-playable/demos/cocoscreator3-ball/assets/script/game/ball.ts as file:///Users/yuanzimin/Files/minigame-playable/demos/cocoscreator3-ball/assets/script/data/constants.ts.
debug: Resolve ../utils/utils from file:///Users/yuanzimin/Files/minigame-playable/demos/cocoscreator3-ball/assets/script/game/ball.ts as file:///Users/yuanzimin/Files/minigame-playable/demos/cocoscreator3-ball/assets/script/utils/utils.ts.
debug: Inspect file:///Users/yuanzimin/Files/minigame-playable/demos/cocoscreator3-ball/assets/script/utils/utils.ts
debug: Resolve cc from file:///Users/yuanzimin/Files/minigame-playable/demos/cocoscreator3-ball/assets/script/utils/utils.ts as cce:/internal/x/cc.
debug: Resolve cc from file:///Users/yuanzimin/Files/minigame-playable/demos/cocoscreator3-ball/assets/script/utils/utils.ts as cce:/internal/x/cc.
debug: Resolve cc from file:///Users/yuanzimin/Files/minigame-playable/demos/cocoscreator3-ball/assets/script/utils/utils.ts as cce:/internal/x/cc.
debug: Resolve ../utils/pool-manager from file:///Users/yuanzimin/Files/minigame-playable/demos/cocoscreator3-ball/assets/script/game/ball.ts as file:///Users/yuanzimin/Files/minigame-playable/demos/cocoscreator3-ball/assets/script/utils/pool-manager.ts.
debug: Inspect file:///Users/yuanzimin/Files/minigame-playable/demos/cocoscreator3-ball/assets/script/utils/pool-manager.ts
debug: Resolve cc from file:///Users/yuanzimin/Files/minigame-playable/demos/cocoscreator3-ball/assets/script/utils/pool-manager.ts as cce:/internal/x/cc.
debug: Resolve cc from file:///Users/yuanzimin/Files/minigame-playable/demos/cocoscreator3-ball/assets/script/utils/pool-manager.ts as cce:/internal/x/cc.
debug: Resolve cc from file:///Users/yuanzimin/Files/minigame-playable/demos/cocoscreator3-ball/assets/script/utils/pool-manager.ts as cce:/internal/x/cc.
debug: Resolve file:///Users/yuanzimin/Files/minigame-playable/demos/cocoscreator3-ball/assets/script/game/board-manager.ts from cce:/internal/x/prerequisite-imports as file:///Users/yuanzimin/Files/minigame-playable/demos/cocoscreator3-ball/assets/script/game/board-manager.ts.
debug: Inspect file:///Users/yuanzimin/Files/minigame-playable/demos/cocoscreator3-ball/assets/script/game/board-manager.ts
debug: Resolve cce:/internal/code-quality/cr.mjs from file:///Users/yuanzimin/Files/minigame-playable/demos/cocoscreator3-ball/assets/script/game/board-manager.ts as cce:/internal/code-quality/cr.mjs.
debug: Resolve cc from file:///Users/yuanzimin/Files/minigame-playable/demos/cocoscreator3-ball/assets/script/game/board-manager.ts as cce:/internal/x/cc.
debug: Resolve cc from file:///Users/yuanzimin/Files/minigame-playable/demos/cocoscreator3-ball/assets/script/game/board-manager.ts as cce:/internal/x/cc.
debug: Resolve cc from file:///Users/yuanzimin/Files/minigame-playable/demos/cocoscreator3-ball/assets/script/game/board-manager.ts as cce:/internal/x/cc.
debug: Resolve ../data/constants from file:///Users/yuanzimin/Files/minigame-playable/demos/cocoscreator3-ball/assets/script/game/board-manager.ts as file:///Users/yuanzimin/Files/minigame-playable/demos/cocoscreator3-ball/assets/script/data/constants.ts.
debug: Resolve ../utils/utils from file:///Users/yuanzimin/Files/minigame-playable/demos/cocoscreator3-ball/assets/script/game/board-manager.ts as file:///Users/yuanzimin/Files/minigame-playable/demos/cocoscreator3-ball/assets/script/utils/utils.ts.
debug: Resolve file:///Users/yuanzimin/Files/minigame-playable/demos/cocoscreator3-ball/assets/script/game/board.ts from cce:/internal/x/prerequisite-imports as file:///Users/yuanzimin/Files/minigame-playable/demos/cocoscreator3-ball/assets/script/game/board.ts.
debug: Inspect file:///Users/yuanzimin/Files/minigame-playable/demos/cocoscreator3-ball/assets/script/game/board.ts
debug: Resolve cce:/internal/code-quality/cr.mjs from file:///Users/yuanzimin/Files/minigame-playable/demos/cocoscreator3-ball/assets/script/game/board.ts as cce:/internal/code-quality/cr.mjs.
debug: Resolve cc from file:///Users/yuanzimin/Files/minigame-playable/demos/cocoscreator3-ball/assets/script/game/board.ts as cce:/internal/x/cc.
debug: Resolve cc from file:///Users/yuanzimin/Files/minigame-playable/demos/cocoscreator3-ball/assets/script/game/board.ts as cce:/internal/x/cc.
debug: Resolve cc from file:///Users/yuanzimin/Files/minigame-playable/demos/cocoscreator3-ball/assets/script/game/board.ts as cce:/internal/x/cc.
debug: Resolve ../data/constants from file:///Users/yuanzimin/Files/minigame-playable/demos/cocoscreator3-ball/assets/script/game/board.ts as file:///Users/yuanzimin/Files/minigame-playable/demos/cocoscreator3-ball/assets/script/data/constants.ts.
debug: Resolve ../utils/utils from file:///Users/yuanzimin/Files/minigame-playable/demos/cocoscreator3-ball/assets/script/game/board.ts as file:///Users/yuanzimin/Files/minigame-playable/demos/cocoscreator3-ball/assets/script/utils/utils.ts.
debug: Resolve file:///Users/yuanzimin/Files/minigame-playable/demos/cocoscreator3-ball/assets/script/game/camera-ctrl.ts from cce:/internal/x/prerequisite-imports as file:///Users/yuanzimin/Files/minigame-playable/demos/cocoscreator3-ball/assets/script/game/camera-ctrl.ts.
debug: Inspect file:///Users/yuanzimin/Files/minigame-playable/demos/cocoscreator3-ball/assets/script/game/camera-ctrl.ts
debug: Resolve cce:/internal/code-quality/cr.mjs from file:///Users/yuanzimin/Files/minigame-playable/demos/cocoscreator3-ball/assets/script/game/camera-ctrl.ts as cce:/internal/code-quality/cr.mjs.
debug: Resolve cc from file:///Users/yuanzimin/Files/minigame-playable/demos/cocoscreator3-ball/assets/script/game/camera-ctrl.ts as cce:/internal/x/cc.
debug: Resolve cc from file:///Users/yuanzimin/Files/minigame-playable/demos/cocoscreator3-ball/assets/script/game/camera-ctrl.ts as cce:/internal/x/cc.
debug: Resolve cc from file:///Users/yuanzimin/Files/minigame-playable/demos/cocoscreator3-ball/assets/script/game/camera-ctrl.ts as cce:/internal/x/cc.
debug: Resolve ../data/constants from file:///Users/yuanzimin/Files/minigame-playable/demos/cocoscreator3-ball/assets/script/game/camera-ctrl.ts as file:///Users/yuanzimin/Files/minigame-playable/demos/cocoscreator3-ball/assets/script/data/constants.ts.
debug: Resolve file:///Users/yuanzimin/Files/minigame-playable/demos/cocoscreator3-ball/assets/script/game/game.ts from cce:/internal/x/prerequisite-imports as file:///Users/yuanzimin/Files/minigame-playable/demos/cocoscreator3-ball/assets/script/game/game.ts.
debug: Inspect file:///Users/yuanzimin/Files/minigame-playable/demos/cocoscreator3-ball/assets/script/game/game.ts
debug: Resolve cce:/internal/code-quality/cr.mjs from file:///Users/yuanzimin/Files/minigame-playable/demos/cocoscreator3-ball/assets/script/game/game.ts as cce:/internal/code-quality/cr.mjs.
debug: Resolve cc from file:///Users/yuanzimin/Files/minigame-playable/demos/cocoscreator3-ball/assets/script/game/game.ts as cce:/internal/x/cc.
debug: Resolve cc from file:///Users/yuanzimin/Files/minigame-playable/demos/cocoscreator3-ball/assets/script/game/game.ts as cce:/internal/x/cc.
debug: Resolve cc from file:///Users/yuanzimin/Files/minigame-playable/demos/cocoscreator3-ball/assets/script/game/game.ts as cce:/internal/x/cc.
debug: Resolve ../data/constants from file:///Users/yuanzimin/Files/minigame-playable/demos/cocoscreator3-ball/assets/script/game/game.ts as file:///Users/yuanzimin/Files/minigame-playable/demos/cocoscreator3-ball/assets/script/data/constants.ts.
debug: Resolve ./ball from file:///Users/yuanzimin/Files/minigame-playable/demos/cocoscreator3-ball/assets/script/game/game.ts as file:///Users/yuanzimin/Files/minigame-playable/demos/cocoscreator3-ball/assets/script/game/ball.ts.
debug: Resolve ./board-manager from file:///Users/yuanzimin/Files/minigame-playable/demos/cocoscreator3-ball/assets/script/game/game.ts as file:///Users/yuanzimin/Files/minigame-playable/demos/cocoscreator3-ball/assets/script/game/board-manager.ts.
debug: Resolve ./camera-ctrl from file:///Users/yuanzimin/Files/minigame-playable/demos/cocoscreator3-ball/assets/script/game/game.ts as file:///Users/yuanzimin/Files/minigame-playable/demos/cocoscreator3-ball/assets/script/game/camera-ctrl.ts.
debug: Resolve ./ui-manager from file:///Users/yuanzimin/Files/minigame-playable/demos/cocoscreator3-ball/assets/script/game/game.ts as file:///Users/yuanzimin/Files/minigame-playable/demos/cocoscreator3-ball/assets/script/game/ui-manager.ts.
debug: Inspect file:///Users/yuanzimin/Files/minigame-playable/demos/cocoscreator3-ball/assets/script/game/ui-manager.ts
debug: Resolve cce:/internal/code-quality/cr.mjs from file:///Users/yuanzimin/Files/minigame-playable/demos/cocoscreator3-ball/assets/script/game/ui-manager.ts as cce:/internal/code-quality/cr.mjs.
debug: Resolve cc from file:///Users/yuanzimin/Files/minigame-playable/demos/cocoscreator3-ball/assets/script/game/ui-manager.ts as cce:/internal/x/cc.
debug: Resolve cc from file:///Users/yuanzimin/Files/minigame-playable/demos/cocoscreator3-ball/assets/script/game/ui-manager.ts as cce:/internal/x/cc.
debug: Resolve cc from file:///Users/yuanzimin/Files/minigame-playable/demos/cocoscreator3-ball/assets/script/game/ui-manager.ts as cce:/internal/x/cc.
debug: Resolve ../data/constants from file:///Users/yuanzimin/Files/minigame-playable/demos/cocoscreator3-ball/assets/script/game/ui-manager.ts as file:///Users/yuanzimin/Files/minigame-playable/demos/cocoscreator3-ball/assets/script/data/constants.ts.
debug: Resolve ./audio-manager from file:///Users/yuanzimin/Files/minigame-playable/demos/cocoscreator3-ball/assets/script/game/game.ts as file:///Users/yuanzimin/Files/minigame-playable/demos/cocoscreator3-ball/assets/script/game/audio-manager.ts.
debug: Resolve file:///Users/yuanzimin/Files/minigame-playable/demos/cocoscreator3-ball/assets/script/game/page-result.ts from cce:/internal/x/prerequisite-imports as file:///Users/yuanzimin/Files/minigame-playable/demos/cocoscreator3-ball/assets/script/game/page-result.ts.
debug: Inspect file:///Users/yuanzimin/Files/minigame-playable/demos/cocoscreator3-ball/assets/script/game/page-result.ts
debug: Resolve cce:/internal/code-quality/cr.mjs from file:///Users/yuanzimin/Files/minigame-playable/demos/cocoscreator3-ball/assets/script/game/page-result.ts as cce:/internal/code-quality/cr.mjs.
debug: Resolve cc from file:///Users/yuanzimin/Files/minigame-playable/demos/cocoscreator3-ball/assets/script/game/page-result.ts as cce:/internal/x/cc.
debug: Resolve cc from file:///Users/yuanzimin/Files/minigame-playable/demos/cocoscreator3-ball/assets/script/game/page-result.ts as cce:/internal/x/cc.
debug: Resolve cc from file:///Users/yuanzimin/Files/minigame-playable/demos/cocoscreator3-ball/assets/script/game/page-result.ts as cce:/internal/x/cc.
debug: Resolve ../data/constants from file:///Users/yuanzimin/Files/minigame-playable/demos/cocoscreator3-ball/assets/script/game/page-result.ts as file:///Users/yuanzimin/Files/minigame-playable/demos/cocoscreator3-ball/assets/script/data/constants.ts.
debug: Resolve ./update-value-label from file:///Users/yuanzimin/Files/minigame-playable/demos/cocoscreator3-ball/assets/script/game/page-result.ts as file:///Users/yuanzimin/Files/minigame-playable/demos/cocoscreator3-ball/assets/script/game/update-value-label.ts.
debug: Inspect file:///Users/yuanzimin/Files/minigame-playable/demos/cocoscreator3-ball/assets/script/game/update-value-label.ts
debug: Resolve cc from file:///Users/yuanzimin/Files/minigame-playable/demos/cocoscreator3-ball/assets/script/game/update-value-label.ts as cce:/internal/x/cc.
debug: Resolve cc from file:///Users/yuanzimin/Files/minigame-playable/demos/cocoscreator3-ball/assets/script/game/update-value-label.ts as cce:/internal/x/cc.
debug: Resolve cc from file:///Users/yuanzimin/Files/minigame-playable/demos/cocoscreator3-ball/assets/script/game/update-value-label.ts as cce:/internal/x/cc.
debug: Resolve ./revive from file:///Users/yuanzimin/Files/minigame-playable/demos/cocoscreator3-ball/assets/script/game/page-result.ts as file:///Users/yuanzimin/Files/minigame-playable/demos/cocoscreator3-ball/assets/script/game/revive.ts.
debug: Inspect file:///Users/yuanzimin/Files/minigame-playable/demos/cocoscreator3-ball/assets/script/game/revive.ts
debug: Resolve cce:/internal/code-quality/cr.mjs from file:///Users/yuanzimin/Files/minigame-playable/demos/cocoscreator3-ball/assets/script/game/revive.ts as cce:/internal/code-quality/cr.mjs.
debug: Resolve cc from file:///Users/yuanzimin/Files/minigame-playable/demos/cocoscreator3-ball/assets/script/game/revive.ts as cce:/internal/x/cc.
debug: Resolve cc from file:///Users/yuanzimin/Files/minigame-playable/demos/cocoscreator3-ball/assets/script/game/revive.ts as cce:/internal/x/cc.
debug: Resolve cc from file:///Users/yuanzimin/Files/minigame-playable/demos/cocoscreator3-ball/assets/script/game/revive.ts as cce:/internal/x/cc.
debug: Resolve ../data/constants from file:///Users/yuanzimin/Files/minigame-playable/demos/cocoscreator3-ball/assets/script/game/revive.ts as file:///Users/yuanzimin/Files/minigame-playable/demos/cocoscreator3-ball/assets/script/data/constants.ts.
debug: Resolve file:///Users/yuanzimin/Files/minigame-playable/demos/cocoscreator3-ball/assets/script/game/page-start.ts from cce:/internal/x/prerequisite-imports as file:///Users/yuanzimin/Files/minigame-playable/demos/cocoscreator3-ball/assets/script/game/page-start.ts.
debug: Inspect file:///Users/yuanzimin/Files/minigame-playable/demos/cocoscreator3-ball/assets/script/game/page-start.ts
debug: Resolve cce:/internal/code-quality/cr.mjs from file:///Users/yuanzimin/Files/minigame-playable/demos/cocoscreator3-ball/assets/script/game/page-start.ts as cce:/internal/code-quality/cr.mjs.
debug: Resolve cc from file:///Users/yuanzimin/Files/minigame-playable/demos/cocoscreator3-ball/assets/script/game/page-start.ts as cce:/internal/x/cc.
debug: Resolve cc from file:///Users/yuanzimin/Files/minigame-playable/demos/cocoscreator3-ball/assets/script/game/page-start.ts as cce:/internal/x/cc.
debug: Resolve cc from file:///Users/yuanzimin/Files/minigame-playable/demos/cocoscreator3-ball/assets/script/game/page-start.ts as cce:/internal/x/cc.
debug: Resolve ../data/constants from file:///Users/yuanzimin/Files/minigame-playable/demos/cocoscreator3-ball/assets/script/game/page-start.ts as file:///Users/yuanzimin/Files/minigame-playable/demos/cocoscreator3-ball/assets/script/data/constants.ts.
debug: Resolve file:///Users/yuanzimin/Files/minigame-playable/demos/cocoscreator3-ball/assets/script/game/revive.ts from cce:/internal/x/prerequisite-imports as file:///Users/yuanzimin/Files/minigame-playable/demos/cocoscreator3-ball/assets/script/game/revive.ts.
debug: Resolve file:///Users/yuanzimin/Files/minigame-playable/demos/cocoscreator3-ball/assets/script/game/ui-manager.ts from cce:/internal/x/prerequisite-imports as file:///Users/yuanzimin/Files/minigame-playable/demos/cocoscreator3-ball/assets/script/game/ui-manager.ts.
debug: Resolve file:///Users/yuanzimin/Files/minigame-playable/demos/cocoscreator3-ball/assets/script/game/update-value-label.ts from cce:/internal/x/prerequisite-imports as file:///Users/yuanzimin/Files/minigame-playable/demos/cocoscreator3-ball/assets/script/game/update-value-label.ts.
debug: Resolve file:///Users/yuanzimin/Files/minigame-playable/demos/cocoscreator3-ball/assets/script/utils/pool-manager.ts from cce:/internal/x/prerequisite-imports as file:///Users/yuanzimin/Files/minigame-playable/demos/cocoscreator3-ball/assets/script/utils/pool-manager.ts.
debug: Resolve file:///Users/yuanzimin/Files/minigame-playable/demos/cocoscreator3-ball/assets/script/utils/utils.ts from cce:/internal/x/prerequisite-imports as file:///Users/yuanzimin/Files/minigame-playable/demos/cocoscreator3-ball/assets/script/utils/utils.ts.
debug: Target(preview) ends with cost 1079.4029610157013ms.
debug: Pulling asset-db.
debug: Fetch asset-db cost: 1284.837369978428ms.
debug: Build iteration starts.
Number of accumulated asset changes: 16
Feature changed: false
debug: Target(editor) build started.
debug: Detected change: cce:/internal/x/prerequisite-imports. Last mtime: Thu Jan 01 1970 08:00:27 GMT+0800 (中国标准时间), Current mtime: Thu Jan 01 1970 08:00:32 GMT+0800 (中国标准时间)
debug: Inspect cce:/internal/x/prerequisite-imports
debug: Resolve file:///Applications/Cocos/Creator/3.8.0/CocosCreator.app/Contents/Resources/resources/3d/engine/editor/assets/tools/debug-view-runtime-control.ts from cce:/internal/x/prerequisite-imports as file:///Applications/Cocos/Creator/3.8.0/CocosCreator.app/Contents/Resources/resources/3d/engine/editor/assets/tools/debug-view-runtime-control.ts.
debug: Resolve file:///Users/yuanzimin/Files/minigame-playable/demos/cocoscreator3-ball/assets/migrate-canvas.ts from cce:/internal/x/prerequisite-imports as file:///Users/yuanzimin/Files/minigame-playable/demos/cocoscreator3-ball/assets/migrate-canvas.ts.
debug: Resolve file:///Users/yuanzimin/Files/minigame-playable/demos/cocoscreator3-ball/assets/script/data/constants.ts from cce:/internal/x/prerequisite-imports as file:///Users/yuanzimin/Files/minigame-playable/demos/cocoscreator3-ball/assets/script/data/constants.ts.
debug: Resolve file:///Users/yuanzimin/Files/minigame-playable/demos/cocoscreator3-ball/assets/script/game/audio-manager.ts from cce:/internal/x/prerequisite-imports as file:///Users/yuanzimin/Files/minigame-playable/demos/cocoscreator3-ball/assets/script/game/audio-manager.ts.
debug: Resolve file:///Users/yuanzimin/Files/minigame-playable/demos/cocoscreator3-ball/assets/script/game/ball.ts from cce:/internal/x/prerequisite-imports as file:///Users/yuanzimin/Files/minigame-playable/demos/cocoscreator3-ball/assets/script/game/ball.ts.
debug: Resolve file:///Users/yuanzimin/Files/minigame-playable/demos/cocoscreator3-ball/assets/script/game/board-manager.ts from cce:/internal/x/prerequisite-imports as file:///Users/yuanzimin/Files/minigame-playable/demos/cocoscreator3-ball/assets/script/game/board-manager.ts.
debug: Resolve file:///Users/yuanzimin/Files/minigame-playable/demos/cocoscreator3-ball/assets/script/game/board.ts from cce:/internal/x/prerequisite-imports as file:///Users/yuanzimin/Files/minigame-playable/demos/cocoscreator3-ball/assets/script/game/board.ts.
debug: Resolve file:///Users/yuanzimin/Files/minigame-playable/demos/cocoscreator3-ball/assets/script/game/camera-ctrl.ts from cce:/internal/x/prerequisite-imports as file:///Users/yuanzimin/Files/minigame-playable/demos/cocoscreator3-ball/assets/script/game/camera-ctrl.ts.
debug: Resolve file:///Users/yuanzimin/Files/minigame-playable/demos/cocoscreator3-ball/assets/script/game/game.ts from cce:/internal/x/prerequisite-imports as file:///Users/yuanzimin/Files/minigame-playable/demos/cocoscreator3-ball/assets/script/game/game.ts.
debug: Resolve file:///Users/yuanzimin/Files/minigame-playable/demos/cocoscreator3-ball/assets/script/game/page-result.ts from cce:/internal/x/prerequisite-imports as file:///Users/yuanzimin/Files/minigame-playable/demos/cocoscreator3-ball/assets/script/game/page-result.ts.
debug: Resolve file:///Users/yuanzimin/Files/minigame-playable/demos/cocoscreator3-ball/assets/script/game/page-start.ts from cce:/internal/x/prerequisite-imports as file:///Users/yuanzimin/Files/minigame-playable/demos/cocoscreator3-ball/assets/script/game/page-start.ts.
debug: Resolve file:///Users/yuanzimin/Files/minigame-playable/demos/cocoscreator3-ball/assets/script/game/revive.ts from cce:/internal/x/prerequisite-imports as file:///Users/yuanzimin/Files/minigame-playable/demos/cocoscreator3-ball/assets/script/game/revive.ts.
debug: Resolve file:///Users/yuanzimin/Files/minigame-playable/demos/cocoscreator3-ball/assets/script/game/ui-manager.ts from cce:/internal/x/prerequisite-imports as file:///Users/yuanzimin/Files/minigame-playable/demos/cocoscreator3-ball/assets/script/game/ui-manager.ts.
debug: Resolve file:///Users/yuanzimin/Files/minigame-playable/demos/cocoscreator3-ball/assets/script/game/update-value-label.ts from cce:/internal/x/prerequisite-imports as file:///Users/yuanzimin/Files/minigame-playable/demos/cocoscreator3-ball/assets/script/game/update-value-label.ts.
debug: Resolve file:///Users/yuanzimin/Files/minigame-playable/demos/cocoscreator3-ball/assets/script/utils/pool-manager.ts from cce:/internal/x/prerequisite-imports as file:///Users/yuanzimin/Files/minigame-playable/demos/cocoscreator3-ball/assets/script/utils/pool-manager.ts.
debug: Resolve file:///Users/yuanzimin/Files/minigame-playable/demos/cocoscreator3-ball/assets/script/utils/utils.ts from cce:/internal/x/prerequisite-imports as file:///Users/yuanzimin/Files/minigame-playable/demos/cocoscreator3-ball/assets/script/utils/utils.ts.
debug: Target(editor) ends with cost 100.04415899515152ms.
debug: Target(preview) build started.
debug: Detected change: cce:/internal/x/prerequisite-imports. Last mtime: Thu Jan 01 1970 08:00:29 GMT+0800 (中国标准时间), Current mtime: Thu Jan 01 1970 08:00:32 GMT+0800 (中国标准时间)
debug: Inspect cce:/internal/x/prerequisite-imports
debug: Resolve file:///Applications/Cocos/Creator/3.8.0/CocosCreator.app/Contents/Resources/resources/3d/engine/editor/assets/tools/debug-view-runtime-control.ts from cce:/internal/x/prerequisite-imports as file:///Applications/Cocos/Creator/3.8.0/CocosCreator.app/Contents/Resources/resources/3d/engine/editor/assets/tools/debug-view-runtime-control.ts.
debug: Resolve file:///Users/yuanzimin/Files/minigame-playable/demos/cocoscreator3-ball/assets/migrate-canvas.ts from cce:/internal/x/prerequisite-imports as file:///Users/yuanzimin/Files/minigame-playable/demos/cocoscreator3-ball/assets/migrate-canvas.ts.
debug: Resolve file:///Users/yuanzimin/Files/minigame-playable/demos/cocoscreator3-ball/assets/script/data/constants.ts from cce:/internal/x/prerequisite-imports as file:///Users/yuanzimin/Files/minigame-playable/demos/cocoscreator3-ball/assets/script/data/constants.ts.
debug: Resolve file:///Users/yuanzimin/Files/minigame-playable/demos/cocoscreator3-ball/assets/script/game/audio-manager.ts from cce:/internal/x/prerequisite-imports as file:///Users/yuanzimin/Files/minigame-playable/demos/cocoscreator3-ball/assets/script/game/audio-manager.ts.
debug: Resolve file:///Users/yuanzimin/Files/minigame-playable/demos/cocoscreator3-ball/assets/script/game/ball.ts from cce:/internal/x/prerequisite-imports as file:///Users/yuanzimin/Files/minigame-playable/demos/cocoscreator3-ball/assets/script/game/ball.ts.
debug: Resolve file:///Users/yuanzimin/Files/minigame-playable/demos/cocoscreator3-ball/assets/script/game/board-manager.ts from cce:/internal/x/prerequisite-imports as file:///Users/yuanzimin/Files/minigame-playable/demos/cocoscreator3-ball/assets/script/game/board-manager.ts.
debug: Resolve file:///Users/yuanzimin/Files/minigame-playable/demos/cocoscreator3-ball/assets/script/game/board.ts from cce:/internal/x/prerequisite-imports as file:///Users/yuanzimin/Files/minigame-playable/demos/cocoscreator3-ball/assets/script/game/board.ts.
debug: Resolve file:///Users/yuanzimin/Files/minigame-playable/demos/cocoscreator3-ball/assets/script/game/camera-ctrl.ts from cce:/internal/x/prerequisite-imports as file:///Users/yuanzimin/Files/minigame-playable/demos/cocoscreator3-ball/assets/script/game/camera-ctrl.ts.
debug: Resolve file:///Users/yuanzimin/Files/minigame-playable/demos/cocoscreator3-ball/assets/script/game/game.ts from cce:/internal/x/prerequisite-imports as file:///Users/yuanzimin/Files/minigame-playable/demos/cocoscreator3-ball/assets/script/game/game.ts.
debug: Resolve file:///Users/yuanzimin/Files/minigame-playable/demos/cocoscreator3-ball/assets/script/game/page-result.ts from cce:/internal/x/prerequisite-imports as file:///Users/yuanzimin/Files/minigame-playable/demos/cocoscreator3-ball/assets/script/game/page-result.ts.
debug: Resolve file:///Users/yuanzimin/Files/minigame-playable/demos/cocoscreator3-ball/assets/script/game/page-start.ts from cce:/internal/x/prerequisite-imports as file:///Users/yuanzimin/Files/minigame-playable/demos/cocoscreator3-ball/assets/script/game/page-start.ts.
debug: Resolve file:///Users/yuanzimin/Files/minigame-playable/demos/cocoscreator3-ball/assets/script/game/revive.ts from cce:/internal/x/prerequisite-imports as file:///Users/yuanzimin/Files/minigame-playable/demos/cocoscreator3-ball/assets/script/game/revive.ts.
debug: Resolve file:///Users/yuanzimin/Files/minigame-playable/demos/cocoscreator3-ball/assets/script/game/ui-manager.ts from cce:/internal/x/prerequisite-imports as file:///Users/yuanzimin/Files/minigame-playable/demos/cocoscreator3-ball/assets/script/game/ui-manager.ts.
debug: Resolve file:///Users/yuanzimin/Files/minigame-playable/demos/cocoscreator3-ball/assets/script/game/update-value-label.ts from cce:/internal/x/prerequisite-imports as file:///Users/yuanzimin/Files/minigame-playable/demos/cocoscreator3-ball/assets/script/game/update-value-label.ts.
debug: Resolve file:///Users/yuanzimin/Files/minigame-playable/demos/cocoscreator3-ball/assets/script/utils/pool-manager.ts from cce:/internal/x/prerequisite-imports as file:///Users/yuanzimin/Files/minigame-playable/demos/cocoscreator3-ball/assets/script/utils/pool-manager.ts.
debug: Resolve file:///Users/yuanzimin/Files/minigame-playable/demos/cocoscreator3-ball/assets/script/utils/utils.ts from cce:/internal/x/prerequisite-imports as file:///Users/yuanzimin/Files/minigame-playable/demos/cocoscreator3-ball/assets/script/utils/utils.ts.
debug: Target(preview) ends with cost 35.77297896146774ms.
